<?xml version="1.0" encoding="UTF-8"?>
<testsuite name="powerpackage.PowerTest" tests="4" skipped="0" failures="0" errors="0" timestamp="2024-07-29T12:39:20" hostname="ZEPHYRUS-G14" time="0.007">
  <properties/>
  <testcase name="oneRaisedToOneIsOne" classname="powerpackage.PowerTest" time="0.005"/>
  <testcase name="twoRaisedToTwoIsFour" classname="powerpackage.PowerTest" time="0.001"/>
  <testcase name="twoRaisedToOneIsTwo" classname="powerpackage.PowerTest" time="0.0"/>
  <testcase name="threeRaisedToTwoIsNine" classname="powerpackage.PowerTest" time="0.0"/>
  <system-out><![CDATA[]]></system-out>
  <system-err><![CDATA[]]></system-err>
</testsuite>
